kotlin version: 2.1.10
error message: Incremental compilation failed: Failed to close caches
org.jetbrains.kotlin.incremental.CachesManagerCloseException: Failed to close caches
	at org.jetbrains.kotlin.incremental.BaseCompilationTransaction.closeCachesManager(CompilationTransaction.kt:126)
	at org.jetbrains.kotlin.incremental.RecoverableCompilationTransaction.close(CompilationTransaction.kt:251)
	at org.jetbrains.kotlin.incremental.IncrementalCompilerRunner.tryCompileIncrementally(IncrementalCompilerRunner.kt:747)
	at org.jetbrains.kotlin.incremental.IncrementalCompilerRunner.compile(IncrementalCompilerRunner.kt:120)
	at org.jetbrains.kotlin.daemon.CompileServiceImplBase.execIncrementalCompiler(CompileServiceImpl.kt:683)
	at org.jetbrains.kotlin.daemon.CompileServiceImplBase.access$execIncrementalCompiler(CompileServiceImpl.kt:91)
	at org.jetbrains.kotlin.daemon.CompileServiceImpl.compile(CompileServiceImpl.kt:1811)
	at java.base/jdk.internal.reflect.DirectMethodHandleAccessor.invoke(Unknown Source)
	at java.base/java.lang.reflect.Method.invoke(Unknown Source)
	at java.rmi/sun.rmi.server.UnicastServerRef.dispatch(Unknown Source)
	at java.rmi/sun.rmi.transport.Transport$1.run(Unknown Source)
	at java.rmi/sun.rmi.transport.Transport$1.run(Unknown Source)
	at java.base/java.security.AccessController.doPrivileged(Unknown Source)
	at java.rmi/sun.rmi.transport.Transport.serviceCall(Unknown Source)
	at java.rmi/sun.rmi.transport.tcp.TCPTransport.handleMessages(Unknown Source)
	at java.rmi/sun.rmi.transport.tcp.TCPTransport$ConnectionHandler.run0(Unknown Source)
	at java.rmi/sun.rmi.transport.tcp.TCPTransport$ConnectionHandler.lambda$run$0(Unknown Source)
	at java.base/java.security.AccessController.doPrivileged(Unknown Source)
	at java.rmi/sun.rmi.transport.tcp.TCPTransport$ConnectionHandler.run(Unknown Source)
	at java.base/java.util.concurrent.ThreadPoolExecutor.runWorker(Unknown Source)
	at java.base/java.util.concurrent.ThreadPoolExecutor$Worker.run(Unknown Source)
	at java.base/java.lang.Thread.run(Unknown Source)
Caused by: java.lang.AssertionError: java.lang.Exception: Could not close incremental caches in C:\Users\Terry\Documents\Projects\SlamStudios\Stratus\build\kotlin\compileKotlin\cacheable\caches-jvm\lookups: lookups.tab
	at org.jetbrains.kotlin.com.google.common.io.Closer.close(Closer.java:236)
	at org.jetbrains.kotlin.incremental.IncrementalCachesManager.close(IncrementalCachesManager.kt:55)
	at org.jetbrains.kotlin.incremental.BaseCompilationTransaction.closeCachesManager(CompilationTransaction.kt:123)
	... 21 more
Caused by: java.lang.Exception: Could not close incremental caches in C:\Users\Terry\Documents\Projects\SlamStudios\Stratus\build\kotlin\compileKotlin\cacheable\caches-jvm\lookups: lookups.tab
	at org.jetbrains.kotlin.incremental.storage.BasicMapsOwner.forEachMapSafe(BasicMapsOwner.kt:95)
	at org.jetbrains.kotlin.incremental.storage.BasicMapsOwner.close(BasicMapsOwner.kt:53)
	at org.jetbrains.kotlin.incremental.LookupStorage.close(LookupStorage.kt:155)
	at org.jetbrains.kotlin.com.google.common.io.Closer.close(Closer.java:223)
	... 23 more
	Suppressed: java.lang.IllegalStateException: Storage for [C:\Users\Terry\Documents\Projects\SlamStudios\Stratus\build\kotlin\compileKotlin\cacheable\caches-jvm\lookups\lookups.tab] is already registered
		at org.jetbrains.kotlin.com.intellij.util.io.FilePageCache.registerPagedFileStorage(FilePageCache.java:410)
		at org.jetbrains.kotlin.com.intellij.util.io.PagedFileStorage.<init>(PagedFileStorage.java:72)
		at org.jetbrains.kotlin.com.intellij.util.io.ResizeableMappedFile.<init>(ResizeableMappedFile.java:55)
		at org.jetbrains.kotlin.com.intellij.util.io.PersistentBTreeEnumerator.<init>(PersistentBTreeEnumerator.java:128)
		at org.jetbrains.kotlin.com.intellij.util.io.PersistentEnumerator.createDefaultEnumerator(PersistentEnumerator.java:52)
		at org.jetbrains.kotlin.com.intellij.util.io.PersistentMapImpl.<init>(PersistentMapImpl.java:165)
		at org.jetbrains.kotlin.com.intellij.util.io.PersistentMapImpl.<init>(PersistentMapImpl.java:140)
		at org.jetbrains.kotlin.com.intellij.util.io.PersistentMapBuilder.buildImplementation(PersistentMapBuilder.java:88)
		at org.jetbrains.kotlin.com.intellij.util.io.PersistentMapBuilder.build(PersistentMapBuilder.java:71)
		at org.jetbrains.kotlin.com.intellij.util.io.PersistentHashMap.<init>(PersistentHashMap.java:45)
		at org.jetbrains.kotlin.com.intellij.util.io.PersistentHashMap.<init>(PersistentHashMap.java:71)
		at org.jetbrains.kotlin.incremental.storage.LazyStorage.createMap(LazyStorage.kt:62)
		at org.jetbrains.kotlin.incremental.storage.LazyStorage.getStorageOrCreateNew(LazyStorage.kt:59)
		at org.jetbrains.kotlin.incremental.storage.LazyStorage.set(LazyStorage.kt:80)
		at org.jetbrains.kotlin.incremental.storage.InMemoryStorage.applyChanges(InMemoryStorage.kt:108)
		at org.jetbrains.kotlin.incremental.storage.AppendableInMemoryStorage.applyChanges(InMemoryStorage.kt:179)
		at org.jetbrains.kotlin.incremental.storage.InMemoryStorage.close(InMemoryStorage.kt:136)
		at org.jetbrains.kotlin.incremental.storage.AppendableSetBasicMap.close(BasicMap.kt:157)
		at org.jetbrains.kotlin.incremental.storage.BasicMapsOwner$close$1.invoke(BasicMapsOwner.kt:53)
		at org.jetbrains.kotlin.incremental.storage.BasicMapsOwner$close$1.invoke(BasicMapsOwner.kt:53)
		at org.jetbrains.kotlin.incremental.storage.BasicMapsOwner.forEachMapSafe(BasicMapsOwner.kt:87)
		... 26 more
		Suppressed: java.lang.Exception: Storage[C:\Users\Terry\Documents\Projects\SlamStudios\Stratus\build\kotlin\compileKotlin\cacheable\caches-jvm\lookups\lookups.tab] registration stack trace
			at org.jetbrains.kotlin.com.intellij.util.io.FilePageCache.registerPagedFileStorage(FilePageCache.java:437)
			at org.jetbrains.kotlin.com.intellij.util.io.PagedFileStorage.<init>(PagedFileStorage.java:72)
			at org.jetbrains.kotlin.com.intellij.util.io.ResizeableMappedFile.<init>(ResizeableMappedFile.java:55)
			at org.jetbrains.kotlin.com.intellij.util.io.PersistentBTreeEnumerator.<init>(PersistentBTreeEnumerator.java:128)
			at org.jetbrains.kotlin.com.intellij.util.io.PersistentEnumerator.createDefaultEnumerator(PersistentEnumerator.java:52)
			at org.jetbrains.kotlin.com.intellij.util.io.PersistentMapImpl.<init>(PersistentMapImpl.java:165)
			at org.jetbrains.kotlin.com.intellij.util.io.PersistentMapImpl.<init>(PersistentMapImpl.java:140)
			at org.jetbrains.kotlin.com.intellij.util.io.PersistentMapBuilder.buildImplementation(PersistentMapBuilder.java:88)
			at org.jetbrains.kotlin.com.intellij.util.io.PersistentMapBuilder.build(PersistentMapBuilder.java:71)
			at org.jetbrains.kotlin.com.intellij.util.io.PersistentHashMap.<init>(PersistentHashMap.java:45)
			at org.jetbrains.kotlin.com.intellij.util.io.PersistentHashMap.<init>(PersistentHashMap.java:71)
			at org.jetbrains.kotlin.incremental.storage.LazyStorage.createMap(LazyStorage.kt:62)
			at org.jetbrains.kotlin.incremental.storage.LazyStorage.getStorageOrCreateNew(LazyStorage.kt:59)
			at org.jetbrains.kotlin.incremental.storage.LazyStorage.set(LazyStorage.kt:80)
			at org.jetbrains.kotlin.incremental.storage.InMemoryStorage.applyChanges(InMemoryStorage.kt:108)
			at org.jetbrains.kotlin.incremental.storage.AppendableInMemoryStorage.applyChanges(InMemoryStorage.kt:179)
			at org.jetbrains.kotlin.incremental.storage.InMemoryStorage.close(InMemoryStorage.kt:136)
			at org.jetbrains.kotlin.incremental.storage.AppendableSetBasicMap.close(BasicMap.kt:157)
			at org.jetbrains.kotlin.incremental.storage.BasicMapsOwner$close$1.invoke(BasicMapsOwner.kt:53)
			at org.jetbrains.kotlin.incremental.storage.BasicMapsOwner$close$1.invoke(BasicMapsOwner.kt:53)
			at org.jetbrains.kotlin.incremental.storage.BasicMapsOwner.forEachMapSafe(BasicMapsOwner.kt:87)
			at org.jetbrains.kotlin.incremental.storage.BasicMapsOwner.close(BasicMapsOwner.kt:53)
			at org.jetbrains.kotlin.incremental.LookupStorage.close(LookupStorage.kt:155)
			at org.jetbrains.kotlin.com.google.common.io.Closer.close(Closer.java:223)
			at org.jetbrains.kotlin.incremental.IncrementalCachesManager.close(IncrementalCachesManager.kt:55)
			at kotlin.io.CloseableKt.closeFinally(Closeable.kt:56)
			at org.jetbrains.kotlin.incremental.IncrementalCompilerRunner.compileNonIncrementally(IncrementalCompilerRunner.kt:293)
			at org.jetbrains.kotlin.incremental.IncrementalCompilerRunner.compile(IncrementalCompilerRunner.kt:129)
			... 18 more


